2025-09-03 00:13:32,855 - app.core.logging - INFO - setup_logging:33 - Logging system initialized successfully
2025-09-03 00:13:32,855 - root - INFO - lifespan:14 - Application starting up...
2025-09-03 00:13:44,857 - root - INFO - lifespan:16 - Application shutting down...
2025-09-03 00:13:46,709 - app.core.logging - INFO - setup_logging:29 - Logging system initialized successfully
2025-09-03 00:13:46,709 - root - INFO - lifespan:14 - Application starting up...
2025-09-03 00:14:02,293 - root - INFO - lifespan:16 - Application shutting down...
2025-09-03 00:14:04,026 - app.core.logging - INFO - setup_logging:29 - Logging system initialized successfully
2025-09-03 00:14:04,028 - root - INFO - lifespan:14 - Application starting up...
2025-09-03 00:14:45,968 - root - INFO - lifespan:16 - Application shutting down...
2025-09-03 00:14:47,676 - app.core.logging - INFO - setup_logging:29 - Logging system initialized successfully
2025-09-03 00:14:47,676 - root - INFO - lifespan:14 - Application starting up...
2025-09-03 00:15:12,866 - root - INFO - lifespan:16 - Application shutting down...
2025-09-03 00:15:14,711 - app.core.logging - INFO - setup_logging:29 - Logging system initialized successfully
2025-09-03 00:15:14,712 - root - INFO - lifespan:14 - Application starting up...
2025-09-03 00:15:20,025 - root - INFO - lifespan:16 - Application shutting down...
2025-09-03 00:15:21,821 - app.core.logging - INFO - setup_logging:29 - Logging system initialized successfully
2025-09-03 00:15:21,821 - root - INFO - lifespan:14 - Application starting up...
2025-09-03 00:16:13,103 - root - INFO - lifespan:16 - Application shutting down...
2025-09-03 00:16:14,818 - app.core.logging - INFO - setup_logging:29 - Logging system initialized successfully
2025-09-03 00:16:14,819 - root - INFO - lifespan:14 - Application starting up...
2025-09-03 00:16:38,826 - root - INFO - lifespan:16 - Application shutting down...
2025-09-03 00:16:40,629 - app.core.logging - INFO - setup_logging:29 - Logging system initialized successfully
2025-09-03 00:16:40,630 - root - INFO - lifespan:14 - Application starting up...
2025-09-03 00:16:50,658 - root - INFO - lifespan:16 - Application shutting down...
2025-09-03 00:16:52,427 - app.core.logging - INFO - setup_logging:29 - Logging system initialized successfully
2025-09-03 00:16:52,427 - root - INFO - lifespan:14 - Application starting up...
2025-09-03 00:17:14,092 - root - INFO - lifespan:16 - Application shutting down...
2025-09-03 00:19:21,831 - app.core.logging - INFO - setup_logging:29 - Logging system initialized successfully
2025-09-03 00:19:21,832 - root - INFO - lifespan:14 - Application starting up...
2025-09-03 00:19:30,993 - root - INFO - lifespan:16 - Application shutting down...
2025-09-03 00:19:32,860 - app.core.logging - INFO - setup_logging:29 - Logging system initialized successfully
2025-09-03 00:19:32,861 - root - INFO - lifespan:14 - Application starting up...
2025-09-03 00:19:56,844 - root - INFO - lifespan:16 - Application shutting down...
2025-09-03 00:19:58,566 - app.core.logging - INFO - setup_logging:29 - Logging system initialized successfully
2025-09-03 00:19:58,567 - root - INFO - lifespan:14 - Application starting up...
2025-09-03 00:20:01,688 - root - INFO - lifespan:16 - Application shutting down...
2025-09-03 00:20:03,385 - app.core.logging - INFO - setup_logging:29 - Logging system initialized successfully
2025-09-03 00:20:03,386 - root - INFO - lifespan:14 - Application starting up...
2025-09-03 00:20:11,008 - root - INFO - lifespan:16 - Application shutting down...
2025-09-03 00:20:12,818 - app.core.logging - INFO - setup_logging:29 - Logging system initialized successfully
2025-09-03 00:20:12,818 - root - INFO - lifespan:14 - Application starting up...
2025-09-03 00:21:10,960 - root - INFO - lifespan:16 - Application shutting down...
2025-09-03 00:21:17,093 - app.core.logging - INFO - setup_logging:29 - Logging system initialized successfully
2025-09-03 00:21:17,093 - root - INFO - lifespan:14 - Application starting up...
2025-09-03 00:26:06,868 - root - INFO - lifespan:16 - Application shutting down...
2025-09-03 00:26:08,722 - app.core.logging - INFO - setup_logging:29 - Logging system initialized successfully
2025-09-03 00:26:08,722 - root - INFO - lifespan:14 - Application starting up...
2025-09-03 00:26:15,918 - root - INFO - lifespan:16 - Application shutting down...
2025-09-03 00:26:17,698 - app.core.logging - INFO - setup_logging:29 - Logging system initialized successfully
2025-09-03 00:26:17,699 - root - INFO - lifespan:14 - Application starting up...
2025-09-03 00:28:28,220 - root - ERROR - _load_states_from_portal:99 - Failed to load states from portal: Could not find state dropdown on portal
2025-09-03 00:28:28,220 - root - ERROR - initialize:491 - Failed to initialize JagritiService: Could not load states from portal: Could not find state dropdown on portal
2025-09-03 00:30:14,882 - root - ERROR - _load_states_from_portal:99 - Failed to load states from portal: Could not find state dropdown on portal
2025-09-03 00:30:14,882 - root - ERROR - initialize:491 - Failed to initialize JagritiService: Could not load states from portal: Could not find state dropdown on portal
2025-09-03 00:35:00,319 - root - INFO - lifespan:16 - Application shutting down...
2025-09-03 00:35:04,865 - app.core.logging - INFO - setup_logging:29 - Logging system initialized successfully
2025-09-03 00:35:04,865 - root - INFO - lifespan:14 - Application starting up...
2025-09-03 00:35:11,836 - root - ERROR - _load_states_from_portal:99 - Failed to load states from portal: Could not find state dropdown on portal
2025-09-03 00:35:11,837 - root - ERROR - initialize:491 - Failed to initialize JagritiService: Could not load states from portal: Could not find state dropdown on portal
2025-09-03 00:35:56,480 - root - INFO - lifespan:16 - Application shutting down...
2025-09-03 00:38:33,257 - app.core.logging - INFO - setup_logging:29 - Logging system initialized successfully
2025-09-03 00:38:33,257 - root - INFO - lifespan:15 - Application starting up...
2025-09-03 00:38:35,100 - root - INFO - lifespan:17 - Application shutting down...
2025-09-03 00:38:46,953 - app.core.logging - INFO - setup_logging:29 - Logging system initialized successfully
2025-09-03 00:38:46,953 - root - INFO - lifespan:15 - Application starting up...
2025-09-03 00:39:03,343 - root - INFO - initialize:26 - Initializing JagritiService...
2025-09-03 00:39:03,343 - WDM - INFO - log:11 - ====== WebDriver manager ======
2025-09-03 00:39:09,065 - WDM - INFO - log:11 - Get LATEST chromedriver version for google-chrome
2025-09-03 00:39:10,153 - WDM - INFO - log:11 - Get LATEST chromedriver version for google-chrome
2025-09-03 00:39:11,148 - WDM - INFO - log:11 - There is no [win64] chromedriver "139.0.7258.154" for browser google-chrome "139.0.7258" in cache
2025-09-03 00:39:11,150 - WDM - INFO - log:11 - Get LATEST chromedriver version for google-chrome
2025-09-03 00:39:13,532 - WDM - INFO - log:11 - WebDriver version 139.0.7258.154 selected
2025-09-03 00:39:13,543 - WDM - INFO - log:11 - Modern chrome version https://storage.googleapis.com/chrome-for-testing-public/139.0.7258.154/win32/chromedriver-win32.zip
2025-09-03 00:39:13,543 - WDM - INFO - log:11 - About to download new driver from https://storage.googleapis.com/chrome-for-testing-public/139.0.7258.154/win32/chromedriver-win32.zip
2025-09-03 00:39:14,677 - WDM - INFO - log:11 - Driver downloading response is 200
2025-09-03 00:39:18,282 - WDM - INFO - log:11 - Get LATEST chromedriver version for google-chrome
2025-09-03 00:39:20,300 - WDM - INFO - log:11 - Driver has been saved in cache [C:\Users\ABISHEK\.wdm\drivers\chromedriver\win64\139.0.7258.154]
2025-09-03 00:39:23,552 - root - INFO - initialize:32 - Browser client initialized
2025-09-03 00:39:23,552 - root - INFO - get_states:37 - Navigating to e-jagriti portal...
2025-09-03 00:40:49,481 - root - INFO - get_states:43 - Waiting for page to load...
2025-09-03 00:42:47,625 - urllib3.connectionpool - WARNING - urlopen:868 - Retrying (Retry(total=2, connect=None, read=None, redirect=None, status=None)) after connection broken by 'NewConnectionError('<urllib3.connection.HTTPConnection object at 0x000002570A1352B0>: Failed to establish a new connection: [WinError 10061] No connection could be made because the target machine actively refused it')': /session/b3d2bfee6d1924fab34352804f5a8d60/element
2025-09-03 00:42:51,727 - urllib3.connectionpool - WARNING - urlopen:868 - Retrying (Retry(total=1, connect=None, read=None, redirect=None, status=None)) after connection broken by 'NewConnectionError('<urllib3.connection.HTTPConnection object at 0x000002570A0D6710>: Failed to establish a new connection: [WinError 10061] No connection could be made because the target machine actively refused it')': /session/b3d2bfee6d1924fab34352804f5a8d60/element
2025-09-03 00:42:55,818 - urllib3.connectionpool - WARNING - urlopen:868 - Retrying (Retry(total=0, connect=None, read=None, redirect=None, status=None)) after connection broken by 'NewConnectionError('<urllib3.connection.HTTPConnection object at 0x000002570A0D6FD0>: Failed to establish a new connection: [WinError 10061] No connection could be made because the target machine actively refused it')': /session/b3d2bfee6d1924fab34352804f5a8d60/element
2025-09-03 00:43:04,015 - urllib3.connectionpool - WARNING - urlopen:868 - Retrying (Retry(total=2, connect=None, read=None, redirect=None, status=None)) after connection broken by 'NewConnectionError('<urllib3.connection.HTTPConnection object at 0x000002570A0E5940>: Failed to establish a new connection: [WinError 10061] No connection could be made because the target machine actively refused it')': /session/b3d2bfee6d1924fab34352804f5a8d60/element
2025-09-03 00:43:08,089 - urllib3.connectionpool - WARNING - urlopen:868 - Retrying (Retry(total=1, connect=None, read=None, redirect=None, status=None)) after connection broken by 'NewConnectionError('<urllib3.connection.HTTPConnection object at 0x000002570A115010>: Failed to establish a new connection: [WinError 10061] No connection could be made because the target machine actively refused it')': /session/b3d2bfee6d1924fab34352804f5a8d60/element
2025-09-03 00:43:12,195 - urllib3.connectionpool - WARNING - urlopen:868 - Retrying (Retry(total=0, connect=None, read=None, redirect=None, status=None)) after connection broken by 'NewConnectionError('<urllib3.connection.HTTPConnection object at 0x000002570A0F5590>: Failed to establish a new connection: [WinError 10061] No connection could be made because the target machine actively refused it')': /session/b3d2bfee6d1924fab34352804f5a8d60/element
2025-09-03 00:43:20,371 - urllib3.connectionpool - WARNING - urlopen:868 - Retrying (Retry(total=2, connect=None, read=None, redirect=None, status=None)) after connection broken by 'NewConnectionError('<urllib3.connection.HTTPConnection object at 0x000002570A0F5BF0>: Failed to establish a new connection: [WinError 10061] No connection could be made because the target machine actively refused it')': /session/b3d2bfee6d1924fab34352804f5a8d60/element
2025-09-03 00:43:24,429 - urllib3.connectionpool - WARNING - urlopen:868 - Retrying (Retry(total=1, connect=None, read=None, redirect=None, status=None)) after connection broken by 'NewConnectionError('<urllib3.connection.HTTPConnection object at 0x000002570A0F5E10>: Failed to establish a new connection: [WinError 10061] No connection could be made because the target machine actively refused it')': /session/b3d2bfee6d1924fab34352804f5a8d60/element
2025-09-03 00:43:28,533 - urllib3.connectionpool - WARNING - urlopen:868 - Retrying (Retry(total=0, connect=None, read=None, redirect=None, status=None)) after connection broken by 'NewConnectionError('<urllib3.connection.HTTPConnection object at 0x000002570A0F6030>: Failed to establish a new connection: [WinError 10061] No connection could be made because the target machine actively refused it')': /session/b3d2bfee6d1924fab34352804f5a8d60/element
2025-09-03 00:43:58,434 - app.core.logging - INFO - setup_logging:29 - Logging system initialized successfully
2025-09-03 00:43:58,434 - root - INFO - lifespan:15 - Application starting up...
2025-09-03 00:44:20,951 - root - INFO - initialize:26 - Initializing JagritiService...
2025-09-03 00:44:20,952 - WDM - INFO - log:11 - ====== WebDriver manager ======
2025-09-03 00:44:26,214 - WDM - INFO - log:11 - Get LATEST chromedriver version for google-chrome
2025-09-03 00:44:27,032 - WDM - INFO - log:11 - Get LATEST chromedriver version for google-chrome
2025-09-03 00:44:27,955 - WDM - INFO - log:11 - Driver [C:\Users\ABISHEK\.wdm\drivers\chromedriver\win64\139.0.7258.154\chromedriver-win32/chromedriver.exe] found in cache
2025-09-03 00:44:29,241 - root - INFO - initialize:32 - Browser client initialized
2025-09-03 00:44:29,242 - root - INFO - get_states:37 - Navigating to e-jagriti portal...
2025-09-03 00:45:34,111 - root - INFO - get_states:43 - Waiting for page to load...
2025-09-03 00:48:10,804 - root - ERROR - get_states:68 - Could not find state dropdown
2025-09-03 00:48:10,805 - root - ERROR - get_states:91 - Failed to load states: State dropdown not found on page
2025-09-03 00:48:10,822 - root - ERROR - initialize:32 - Failed to initialize JagritiService: State dropdown not found on page
2025-09-03 00:49:33,371 - root - INFO - lifespan:17 - Application shutting down...
2025-09-03 00:49:35,572 - app.core.logging - INFO - setup_logging:29 - Logging system initialized successfully
2025-09-03 00:49:35,572 - root - INFO - lifespan:15 - Application starting up...
2025-09-03 00:49:36,979 - root - INFO - lifespan:17 - Application shutting down...
2025-09-03 00:49:46,299 - app.core.logging - INFO - setup_logging:29 - Logging system initialized successfully
2025-09-03 00:49:46,299 - root - INFO - lifespan:15 - Application starting up...
2025-09-03 00:51:33,524 - root - INFO - initialize:26 - Initializing JagritiService...
2025-09-03 00:51:33,524 - WDM - INFO - log:11 - ====== WebDriver manager ======
2025-09-03 00:51:38,849 - WDM - INFO - log:11 - Get LATEST chromedriver version for google-chrome
2025-09-03 00:51:39,802 - WDM - INFO - log:11 - Get LATEST chromedriver version for google-chrome
2025-09-03 00:51:40,664 - WDM - INFO - log:11 - Driver [C:\Users\ABISHEK\.wdm\drivers\chromedriver\win64\139.0.7258.154\chromedriver-win32/chromedriver.exe] found in cache
2025-09-03 00:51:41,920 - root - INFO - initialize:37 - Browser client initialized
2025-09-03 00:51:41,920 - root - INFO - get_states:42 - Navigating to e-jagriti portal...
2025-09-03 00:52:52,960 - root - INFO - get_states:46 - Main page loaded. Title: e-jagriti Platform: Ministry of Consumer Affairs, Food, and Public Distribution, Government of India
2025-09-03 00:52:57,961 - root - INFO - get_states:53 - Navigating to: https://e-jagriti.gov.in/advance-case-search
2025-09-03 00:52:58,670 - root - INFO - get_states:56 - Advance search page loaded. Title: e-jagriti Platform: Ministry of Consumer Affairs, Food, and Public Distribution, Government of India
2025-09-03 00:53:08,686 - root - INFO - get_states:63 - Page source length: 59360
2025-09-03 00:53:08,695 - root - INFO - get_states:64 - Page URL: https://e-jagriti.gov.in/advance-case-search
2025-09-03 00:53:08,698 - root - INFO - get_states:71 - Found 'state' text in page
2025-09-03 00:53:08,698 - root - INFO - get_states:95 - Trying selector: select[name='state']
2025-09-03 00:53:08,720 - root - INFO - get_states:97 - Found 0 elements with selector: select[name='state']
2025-09-03 00:53:08,720 - root - INFO - get_states:95 - Trying selector: select[id='state']
2025-09-03 00:53:08,739 - root - INFO - get_states:97 - Found 0 elements with selector: select[id='state']
2025-09-03 00:53:08,740 - root - INFO - get_states:95 - Trying selector: select[name='state_code']
2025-09-03 00:53:08,779 - root - INFO - get_states:97 - Found 0 elements with selector: select[name='state_code']
2025-09-03 00:53:08,781 - root - INFO - get_states:95 - Trying selector: select[name='stateCode']
2025-09-03 00:53:08,799 - root - INFO - get_states:97 - Found 0 elements with selector: select[name='stateCode']
2025-09-03 00:53:08,799 - root - INFO - get_states:95 - Trying selector: #state
2025-09-03 00:53:08,821 - root - INFO - get_states:97 - Found 0 elements with selector: #state
2025-09-03 00:53:08,822 - root - INFO - get_states:95 - Trying selector: .state-dropdown
2025-09-03 00:53:08,841 - root - INFO - get_states:97 - Found 0 elements with selector: .state-dropdown
2025-09-03 00:53:08,842 - root - INFO - get_states:95 - Trying selector: select:first-of-type
2025-09-03 00:53:08,863 - root - INFO - get_states:97 - Found 0 elements with selector: select:first-of-type
2025-09-03 00:53:08,864 - root - INFO - get_states:95 - Trying selector: select
2025-09-03 00:53:08,883 - root - INFO - get_states:97 - Found 0 elements with selector: select
2025-09-03 00:53:08,901 - root - INFO - get_states:121 - Found 0 total select elements
2025-09-03 00:53:08,903 - root - INFO - get_states:134 - Page source saved to debug_page_source.html
2025-09-03 00:53:08,904 - root - ERROR - get_states:162 - Failed to load states: Could not find state dropdown after trying all approaches
2025-09-03 00:53:08,911 - root - ERROR - get_states:163 - Current URL: https://e-jagriti.gov.in/advance-case-search
2025-09-03 00:53:08,918 - root - ERROR - get_states:164 - Page title: e-jagriti Platform: Ministry of Consumer Affairs, Food, and Public Distribution, Government of India
2025-09-03 00:53:09,165 - root - INFO - get_states:169 - Screenshot saved to debug_screenshot.png
2025-09-03 00:53:09,165 - root - ERROR - initialize:32 - Failed to initialize JagritiService: Could not find state dropdown after trying all approaches
2025-09-03 00:53:13,056 - root - INFO - initialize:26 - Initializing JagritiService...
2025-09-03 00:53:13,057 - WDM - INFO - log:11 - ====== WebDriver manager ======
2025-09-03 00:53:18,362 - WDM - INFO - log:11 - Get LATEST chromedriver version for google-chrome
2025-09-03 00:53:19,130 - WDM - INFO - log:11 - Get LATEST chromedriver version for google-chrome
2025-09-03 00:53:20,000 - WDM - INFO - log:11 - Driver [C:\Users\ABISHEK\.wdm\drivers\chromedriver\win64\139.0.7258.154\chromedriver-win32/chromedriver.exe] found in cache
2025-09-03 00:53:21,276 - root - INFO - initialize:37 - Browser client initialized
2025-09-03 00:53:21,276 - root - INFO - get_states:42 - Navigating to e-jagriti portal...
2025-09-03 00:54:28,491 - root - INFO - get_states:46 - Main page loaded. Title: e-jagriti Platform: Ministry of Consumer Affairs, Food, and Public Distribution, Government of India
2025-09-03 00:54:33,492 - root - INFO - get_states:53 - Navigating to: https://e-jagriti.gov.in/advance-case-search
2025-09-03 00:54:34,236 - root - INFO - get_states:56 - Advance search page loaded. Title: e-jagriti Platform: Ministry of Consumer Affairs, Food, and Public Distribution, Government of India
2025-09-03 00:54:44,249 - root - INFO - get_states:63 - Page source length: 59360
2025-09-03 00:54:44,258 - root - INFO - get_states:64 - Page URL: https://e-jagriti.gov.in/advance-case-search
2025-09-03 00:54:44,261 - root - INFO - get_states:71 - Found 'state' text in page
2025-09-03 00:54:44,261 - root - INFO - get_states:95 - Trying selector: select[name='state']
2025-09-03 00:54:44,281 - root - INFO - get_states:97 - Found 0 elements with selector: select[name='state']
2025-09-03 00:54:44,282 - root - INFO - get_states:95 - Trying selector: select[id='state']
2025-09-03 00:54:44,303 - root - INFO - get_states:97 - Found 0 elements with selector: select[id='state']
2025-09-03 00:54:44,303 - root - INFO - get_states:95 - Trying selector: select[name='state_code']
2025-09-03 00:54:44,322 - root - INFO - get_states:97 - Found 0 elements with selector: select[name='state_code']
2025-09-03 00:54:44,323 - root - INFO - get_states:95 - Trying selector: select[name='stateCode']
2025-09-03 00:54:44,342 - root - INFO - get_states:97 - Found 0 elements with selector: select[name='stateCode']
2025-09-03 00:54:44,343 - root - INFO - get_states:95 - Trying selector: #state
2025-09-03 00:54:44,386 - root - INFO - get_states:97 - Found 0 elements with selector: #state
2025-09-03 00:54:44,386 - root - INFO - get_states:95 - Trying selector: .state-dropdown
2025-09-03 00:54:44,404 - root - INFO - get_states:97 - Found 0 elements with selector: .state-dropdown
2025-09-03 00:54:44,404 - root - INFO - get_states:95 - Trying selector: select:first-of-type
2025-09-03 00:54:44,427 - root - INFO - get_states:97 - Found 0 elements with selector: select:first-of-type
2025-09-03 00:54:44,427 - root - INFO - get_states:95 - Trying selector: select
2025-09-03 00:54:44,447 - root - INFO - get_states:97 - Found 0 elements with selector: select
2025-09-03 00:54:44,468 - root - INFO - get_states:121 - Found 0 total select elements
2025-09-03 00:54:44,470 - root - INFO - get_states:134 - Page source saved to debug_page_source.html
2025-09-03 00:54:44,470 - root - ERROR - get_states:162 - Failed to load states: Could not find state dropdown after trying all approaches
2025-09-03 00:54:44,479 - root - ERROR - get_states:163 - Current URL: https://e-jagriti.gov.in/advance-case-search
2025-09-03 00:54:44,487 - root - ERROR - get_states:164 - Page title: e-jagriti Platform: Ministry of Consumer Affairs, Food, and Public Distribution, Government of India
2025-09-03 00:54:44,735 - root - INFO - get_states:169 - Screenshot saved to debug_screenshot.png
2025-09-03 00:54:44,736 - root - ERROR - initialize:32 - Failed to initialize JagritiService: Could not find state dropdown after trying all approaches
2025-09-03 00:55:20,699 - root - INFO - lifespan:17 - Application shutting down...
2025-09-03 00:55:22,922 - app.core.logging - INFO - setup_logging:29 - Logging system initialized successfully
2025-09-03 00:55:22,923 - root - INFO - lifespan:15 - Application starting up...
2025-09-03 00:55:33,143 - root - INFO - initialize:26 - Initializing JagritiService...
2025-09-03 00:55:33,144 - WDM - INFO - log:11 - ====== WebDriver manager ======
2025-09-03 00:55:38,231 - WDM - INFO - log:11 - Get LATEST chromedriver version for google-chrome
2025-09-03 00:55:39,308 - WDM - INFO - log:11 - Get LATEST chromedriver version for google-chrome
2025-09-03 00:55:40,406 - WDM - INFO - log:11 - Driver [C:\Users\ABISHEK\.wdm\drivers\chromedriver\win64\139.0.7258.154\chromedriver-win32/chromedriver.exe] found in cache
2025-09-03 00:55:41,634 - root - INFO - initialize:35 - Browser client initialized
2025-09-03 00:55:41,634 - root - INFO - get_states:40 - Navigating to e-jagriti portal...
2025-09-03 00:56:42,229 - root - INFO - get_states:47 - Waiting for dynamic content to load...
2025-09-03 00:56:47,261 - root - INFO - get_states:66 - Waited for loading element to disappear: .loading
2025-09-03 00:56:47,278 - root - INFO - get_states:66 - Waited for loading element to disappear: .spinner
2025-09-03 00:56:47,298 - root - INFO - get_states:66 - Waited for loading element to disappear: #loading
2025-09-03 00:56:47,317 - root - INFO - get_states:66 - Waited for loading element to disappear: [data-loading]
2025-09-03 00:56:50,467 - root - INFO - get_states:66 - Waited for loading element to disappear: #loader
2025-09-03 00:56:50,487 - root - INFO - get_states:66 - Waited for loading element to disappear: .progress
2025-09-03 00:56:50,488 - root - INFO - get_states:71 - Waiting additional time for JavaScript to render forms...
2025-09-03 00:57:05,498 - root - INFO - get_states:76 - JavaScript reports 0 select elements
2025-09-03 00:57:05,498 - root - INFO - get_states:80 - Attempting to trigger form initialization...
2025-09-03 00:57:15,065 - root - INFO - get_states:113 - Looking for alternative form patterns...
2025-09-03 00:57:15,084 - root - INFO - get_states:117 - Found 1 potential form inputs
2025-09-03 00:57:15,105 - root - INFO - get_states:121 - Found 1 dropdown-like elements
2025-09-03 00:57:15,105 - root - ERROR - get_states:187 - Failed to get states: No form elements found after all attempts - portal may require authentication or have anti-bot measures
2025-09-03 00:57:15,850 - root - ERROR - initialize:32 - Failed to initialize JagritiService: No form elements found after all attempts - portal may require authentication or have anti-bot measures
2025-09-03 00:57:18,128 - root - INFO - initialize:26 - Initializing JagritiService...
2025-09-03 00:57:18,129 - WDM - INFO - log:11 - ====== WebDriver manager ======
2025-09-03 00:57:23,343 - WDM - INFO - log:11 - Get LATEST chromedriver version for google-chrome
2025-09-03 00:57:24,177 - WDM - INFO - log:11 - Get LATEST chromedriver version for google-chrome
2025-09-03 00:57:24,960 - WDM - INFO - log:11 - Driver [C:\Users\ABISHEK\.wdm\drivers\chromedriver\win64\139.0.7258.154\chromedriver-win32/chromedriver.exe] found in cache
2025-09-03 00:57:26,257 - root - INFO - initialize:35 - Browser client initialized
2025-09-03 00:57:26,257 - root - INFO - get_states:40 - Navigating to e-jagriti portal...
2025-09-03 00:58:42,339 - root - ERROR - get_states:187 - Failed to get states: ('Connection aborted.', ConnectionResetError(10054, 'An existing connection was forcibly closed by the remote host', None, 10054, None))
2025-09-03 00:58:46,424 - urllib3.connectionpool - WARNING - urlopen:868 - Retrying (Retry(total=2, connect=None, read=None, redirect=None, status=None)) after connection broken by 'NewConnectionError('<urllib3.connection.HTTPConnection object at 0x000001FE7BDB6850>: Failed to establish a new connection: [WinError 10061] No connection could be made because the target machine actively refused it')': /session/0d0925670a2fa5d15a3e5390edc5ecf9/screenshot
2025-09-03 00:58:50,482 - urllib3.connectionpool - WARNING - urlopen:868 - Retrying (Retry(total=1, connect=None, read=None, redirect=None, status=None)) after connection broken by 'NewConnectionError('<urllib3.connection.HTTPConnection object at 0x000001FE7BDC1A70>: Failed to establish a new connection: [WinError 10061] No connection could be made because the target machine actively refused it')': /session/0d0925670a2fa5d15a3e5390edc5ecf9/screenshot
2025-09-03 00:58:54,584 - urllib3.connectionpool - WARNING - urlopen:868 - Retrying (Retry(total=0, connect=None, read=None, redirect=None, status=None)) after connection broken by 'NewConnectionError('<urllib3.connection.HTTPConnection object at 0x000001FE7BDC35C0>: Failed to establish a new connection: [WinError 10061] No connection could be made because the target machine actively refused it')': /session/0d0925670a2fa5d15a3e5390edc5ecf9/screenshot
2025-09-03 00:58:58,694 - root - ERROR - initialize:32 - Failed to initialize JagritiService: HTTPConnectionPool(host='localhost', port=63644): Max retries exceeded with url: /session/0d0925670a2fa5d15a3e5390edc5ecf9/screenshot (Caused by NewConnectionError('<urllib3.connection.HTTPConnection object at 0x000001FE7BDF5130>: Failed to establish a new connection: [WinError 10061] No connection could be made because the target machine actively refused it'))
2025-09-03 00:58:58,697 - root - INFO - initialize:26 - Initializing JagritiService...
2025-09-03 00:58:58,697 - WDM - INFO - log:11 - ====== WebDriver manager ======
2025-09-03 00:59:04,079 - WDM - INFO - log:11 - Get LATEST chromedriver version for google-chrome
2025-09-03 00:59:04,884 - WDM - INFO - log:11 - Get LATEST chromedriver version for google-chrome
2025-09-03 00:59:05,679 - WDM - INFO - log:11 - Driver [C:\Users\ABISHEK\.wdm\drivers\chromedriver\win64\139.0.7258.154\chromedriver-win32/chromedriver.exe] found in cache
2025-09-03 00:59:06,926 - root - INFO - initialize:35 - Browser client initialized
2025-09-03 00:59:06,926 - root - INFO - get_states:40 - Navigating to e-jagriti portal...
2025-09-03 00:59:51,572 - root - ERROR - get_states:187 - Failed to get states: ('Connection aborted.', ConnectionResetError(10054, 'An existing connection was forcibly closed by the remote host', None, 10054, None))
2025-09-03 00:59:55,679 - urllib3.connectionpool - WARNING - urlopen:868 - Retrying (Retry(total=2, connect=None, read=None, redirect=None, status=None)) after connection broken by 'NewConnectionError('<urllib3.connection.HTTPConnection object at 0x000001FE7BDDA690>: Failed to establish a new connection: [WinError 10061] No connection could be made because the target machine actively refused it')': /session/c7a488a6fb6be04fd1199f4a81c796c3/screenshot
2025-09-03 00:59:59,761 - urllib3.connectionpool - WARNING - urlopen:868 - Retrying (Retry(total=1, connect=None, read=None, redirect=None, status=None)) after connection broken by 'NewConnectionError('<urllib3.connection.HTTPConnection object at 0x000001FE7BDDA7A0>: Failed to establish a new connection: [WinError 10061] No connection could be made because the target machine actively refused it')': /session/c7a488a6fb6be04fd1199f4a81c796c3/screenshot
2025-09-03 01:00:03,851 - urllib3.connectionpool - WARNING - urlopen:868 - Retrying (Retry(total=0, connect=None, read=None, redirect=None, status=None)) after connection broken by 'NewConnectionError('<urllib3.connection.HTTPConnection object at 0x000001FE7BDDAAD0>: Failed to establish a new connection: [WinError 10061] No connection could be made because the target machine actively refused it')': /session/c7a488a6fb6be04fd1199f4a81c796c3/screenshot
2025-09-03 01:00:07,917 - root - ERROR - initialize:32 - Failed to initialize JagritiService: HTTPConnectionPool(host='localhost', port=64102): Max retries exceeded with url: /session/c7a488a6fb6be04fd1199f4a81c796c3/screenshot (Caused by NewConnectionError('<urllib3.connection.HTTPConnection object at 0x000001FE7BDDACF0>: Failed to establish a new connection: [WinError 10061] No connection could be made because the target machine actively refused it'))
2025-09-03 01:00:07,919 - root - INFO - initialize:26 - Initializing JagritiService...
2025-09-03 01:00:07,919 - WDM - INFO - log:11 - ====== WebDriver manager ======
2025-09-03 01:00:10,549 - WDM - INFO - log:11 - Get LATEST chromedriver version for google-chrome
2025-09-03 01:00:11,414 - WDM - INFO - log:11 - About to download new driver from https://chromedriver.storage.googleapis.com/114.0.5735.90/chromedriver_win32.zip
2025-09-03 01:00:12,209 - WDM - INFO - log:11 - Driver downloading response is 200
2025-09-03 01:00:17,403 - WDM - INFO - log:11 - Get LATEST chromedriver version for google-chrome
2025-09-03 01:00:22,246 - urllib3.connectionpool - WARNING - urlopen:868 - Retrying (Retry(total=2, connect=None, read=None, redirect=None, status=None)) after connection broken by 'NewConnectionError('<urllib3.connection.HTTPConnection object at 0x000001FE7BDDB570>: Failed to establish a new connection: [WinError 10061] No connection could be made because the target machine actively refused it')': /session/c7a488a6fb6be04fd1199f4a81c796c3
2025-09-03 01:00:26,348 - urllib3.connectionpool - WARNING - urlopen:868 - Retrying (Retry(total=1, connect=None, read=None, redirect=None, status=None)) after connection broken by 'NewConnectionError('<urllib3.connection.HTTPConnection object at 0x000001FE7BDDB8A0>: Failed to establish a new connection: [WinError 10061] No connection could be made because the target machine actively refused it')': /session/c7a488a6fb6be04fd1199f4a81c796c3
2025-09-03 01:00:54,558 - app.core.logging - INFO - setup_logging:29 - Logging system initialized successfully
2025-09-03 01:00:54,558 - root - INFO - lifespan:15 - Application starting up...
2025-09-03 01:02:20,146 - root - INFO - initialize:24 - Attempting to get states via API...
2025-09-03 01:02:21,666 - root - INFO - get_states:36 - Trying API endpoint: https://e-jagriti.gov.in/api/states
2025-09-03 01:02:21,922 - root - INFO - get_states:36 - Trying API endpoint: https://e-jagriti.gov.in/api/master/states
2025-09-03 01:02:21,989 - root - INFO - get_states:36 - Trying API endpoint: https://e-jagriti.gov.in/api/v1/states
2025-09-03 01:02:22,067 - root - INFO - get_states:36 - Trying API endpoint: https://e-jagriti.gov.in/api/public/states
2025-09-03 01:02:22,133 - root - INFO - get_states:36 - Trying API endpoint: https://e-jagriti.gov.in/api/master/state-list
2025-09-03 01:02:22,196 - root - INFO - get_states:36 - Trying API endpoint: https://e-jagriti.gov.in/api/dropdown/states
2025-09-03 01:02:22,295 - root - INFO - get_states:36 - Trying API endpoint: https://e-jagriti.gov.in/services/states
2025-09-03 01:02:22,363 - root - INFO - get_states:36 - Trying API endpoint: https://e-jagriti.gov.in/rest/states
2025-09-03 01:02:22,433 - root - WARNING - initialize:33 - API approach failed: Could not find states API endpoint
2025-09-03 01:02:22,433 - root - INFO - initialize:36 - Falling back to browser scraping...
2025-09-03 01:02:22,434 - WDM - INFO - log:11 - ====== WebDriver manager ======
2025-09-03 01:02:27,494 - WDM - INFO - log:11 - Get LATEST chromedriver version for google-chrome
2025-09-03 01:02:28,623 - WDM - INFO - log:11 - Get LATEST chromedriver version for google-chrome
2025-09-03 01:02:29,729 - WDM - INFO - log:11 - Driver [C:\Users\ABISHEK\.wdm\drivers\chromedriver\win64\139.0.7258.154\chromedriver-win32/chromedriver.exe] found in cache
2025-09-03 01:02:30,978 - root - INFO - initialize:35 - Browser client initialized
2025-09-03 01:02:30,979 - root - INFO - get_states:40 - Navigating to e-jagriti portal...
2025-09-03 01:03:43,228 - root - INFO - get_states:47 - Waiting for dynamic content to load...
2025-09-03 01:03:48,262 - root - INFO - get_states:66 - Waited for loading element to disappear: .loading
2025-09-03 01:03:48,280 - root - INFO - get_states:66 - Waited for loading element to disappear: .spinner
2025-09-03 01:03:48,300 - root - INFO - get_states:66 - Waited for loading element to disappear: #loading
2025-09-03 01:03:48,323 - root - INFO - get_states:66 - Waited for loading element to disappear: [data-loading]
2025-09-03 01:03:51,466 - root - INFO - get_states:66 - Waited for loading element to disappear: #loader
2025-09-03 01:03:51,486 - root - INFO - get_states:66 - Waited for loading element to disappear: .progress
2025-09-03 01:03:51,487 - root - INFO - get_states:71 - Waiting additional time for JavaScript to render forms...
2025-09-03 01:04:06,499 - root - INFO - get_states:76 - JavaScript reports 0 select elements
2025-09-03 01:04:06,499 - root - INFO - get_states:80 - Attempting to trigger form initialization...
2025-09-03 01:04:15,931 - root - INFO - get_states:113 - Looking for alternative form patterns...
2025-09-03 01:04:15,951 - root - INFO - get_states:117 - Found 1 potential form inputs
2025-09-03 01:04:15,973 - root - INFO - get_states:121 - Found 1 dropdown-like elements
2025-09-03 01:04:15,973 - root - ERROR - get_states:187 - Failed to get states: No form elements found after all attempts - portal may require authentication or have anti-bot measures
2025-09-03 01:04:16,800 - root - ERROR - initialize:43 - Both API and browser approaches failed: No form elements found after all attempts - portal may require authentication or have anti-bot measures
2025-09-03 01:04:16,805 - root - INFO - initialize:24 - Attempting to get states via API...
2025-09-03 01:04:17,787 - root - INFO - get_states:36 - Trying API endpoint: https://e-jagriti.gov.in/api/states
2025-09-03 01:04:17,789 - root - INFO - initialize:24 - Attempting to get states via API...
2025-09-03 01:04:18,723 - root - INFO - get_states:36 - Trying API endpoint: https://e-jagriti.gov.in/api/states
2025-09-03 01:04:18,890 - root - INFO - get_states:36 - Trying API endpoint: https://e-jagriti.gov.in/api/master/states
2025-09-03 01:04:18,959 - root - INFO - get_states:36 - Trying API endpoint: https://e-jagriti.gov.in/api/v1/states
2025-09-03 01:04:18,985 - root - INFO - get_states:36 - Trying API endpoint: https://e-jagriti.gov.in/api/master/states
2025-09-03 01:04:19,032 - root - INFO - get_states:36 - Trying API endpoint: https://e-jagriti.gov.in/api/public/states
2025-09-03 01:04:19,059 - root - INFO - get_states:36 - Trying API endpoint: https://e-jagriti.gov.in/api/v1/states
2025-09-03 01:04:19,081 - root - INFO - get_states:36 - Trying API endpoint: https://e-jagriti.gov.in/api/master/state-list
2025-09-03 01:04:19,133 - root - INFO - get_states:36 - Trying API endpoint: https://e-jagriti.gov.in/api/dropdown/states
2025-09-03 01:04:19,136 - root - INFO - get_states:36 - Trying API endpoint: https://e-jagriti.gov.in/api/public/states
2025-09-03 01:04:19,184 - root - INFO - get_states:36 - Trying API endpoint: https://e-jagriti.gov.in/services/states
2025-09-03 01:04:19,213 - root - INFO - get_states:36 - Trying API endpoint: https://e-jagriti.gov.in/api/master/state-list
2025-09-03 01:04:19,234 - root - INFO - get_states:36 - Trying API endpoint: https://e-jagriti.gov.in/rest/states
2025-09-03 01:04:19,289 - root - WARNING - initialize:33 - API approach failed: Could not find states API endpoint
2025-09-03 01:04:19,290 - root - INFO - initialize:36 - Falling back to browser scraping...
2025-09-03 01:04:19,290 - WDM - INFO - log:11 - ====== WebDriver manager ======
2025-09-03 01:04:24,401 - WDM - INFO - log:11 - Get LATEST chromedriver version for google-chrome
2025-09-03 01:04:27,615 - WDM - INFO - log:11 - Get LATEST chromedriver version for google-chrome
2025-09-03 01:04:28,619 - WDM - INFO - log:11 - Driver [C:\Users\ABISHEK\.wdm\drivers\chromedriver\win64\139.0.7258.154\chromedriver-win32/chromedriver.exe] found in cache
2025-09-03 01:04:29,862 - root - INFO - initialize:35 - Browser client initialized
2025-09-03 01:04:29,863 - root - INFO - get_states:40 - Navigating to e-jagriti portal...
2025-09-03 01:05:06,057 - root - ERROR - get_states:187 - Failed to get states: ('Connection aborted.', ConnectionResetError(10054, 'An existing connection was forcibly closed by the remote host', None, 10054, None))
2025-09-03 01:05:10,148 - urllib3.connectionpool - WARNING - urlopen:868 - Retrying (Retry(total=2, connect=None, read=None, redirect=None, status=None)) after connection broken by 'NewConnectionError('<urllib3.connection.HTTPConnection object at 0x000002AC2864A5D0>: Failed to establish a new connection: [WinError 10061] No connection could be made because the target machine actively refused it')': /session/63fb70d5566fa049b8d8625567864870/screenshot
2025-09-03 01:05:14,253 - urllib3.connectionpool - WARNING - urlopen:868 - Retrying (Retry(total=1, connect=None, read=None, redirect=None, status=None)) after connection broken by 'NewConnectionError('<urllib3.connection.HTTPConnection object at 0x000002AC286549D0>: Failed to establish a new connection: [WinError 10061] No connection could be made because the target machine actively refused it')': /session/63fb70d5566fa049b8d8625567864870/screenshot
2025-09-03 01:05:18,342 - urllib3.connectionpool - WARNING - urlopen:868 - Retrying (Retry(total=0, connect=None, read=None, redirect=None, status=None)) after connection broken by 'NewConnectionError('<urllib3.connection.HTTPConnection object at 0x000002AC28654510>: Failed to establish a new connection: [WinError 10061] No connection could be made because the target machine actively refused it')': /session/63fb70d5566fa049b8d8625567864870/screenshot
2025-09-03 01:05:22,436 - root - ERROR - initialize:43 - Both API and browser approaches failed: HTTPConnectionPool(host='localhost', port=52726): Max retries exceeded with url: /session/63fb70d5566fa049b8d8625567864870/screenshot (Caused by NewConnectionError('<urllib3.connection.HTTPConnection object at 0x000002AC285DB0B0>: Failed to establish a new connection: [WinError 10061] No connection could be made because the target machine actively refused it'))
2025-09-03 01:05:22,441 - root - INFO - get_states:36 - Trying API endpoint: https://e-jagriti.gov.in/api/dropdown/states
2025-09-03 01:05:22,515 - root - INFO - get_states:36 - Trying API endpoint: https://e-jagriti.gov.in/services/states
2025-09-03 01:05:22,609 - root - INFO - get_states:36 - Trying API endpoint: https://e-jagriti.gov.in/rest/states
2025-09-03 01:05:22,686 - root - WARNING - initialize:33 - API approach failed: Could not find states API endpoint
2025-09-03 01:05:22,687 - root - INFO - initialize:36 - Falling back to browser scraping...
2025-09-03 01:05:22,687 - WDM - INFO - log:11 - ====== WebDriver manager ======
2025-09-03 01:05:27,991 - WDM - INFO - log:11 - Get LATEST chromedriver version for google-chrome
2025-09-03 01:05:28,754 - WDM - INFO - log:11 - Get LATEST chromedriver version for google-chrome
2025-09-03 01:05:29,493 - WDM - INFO - log:11 - Driver [C:\Users\ABISHEK\.wdm\drivers\chromedriver\win64\139.0.7258.154\chromedriver-win32/chromedriver.exe] found in cache
2025-09-03 01:05:30,724 - root - INFO - initialize:35 - Browser client initialized
2025-09-03 01:05:30,724 - root - INFO - get_states:40 - Navigating to e-jagriti portal...
2025-09-03 01:06:50,400 - root - INFO - get_states:47 - Waiting for dynamic content to load...
2025-09-03 01:06:55,434 - root - INFO - get_states:66 - Waited for loading element to disappear: .loading
2025-09-03 01:06:55,455 - root - INFO - get_states:66 - Waited for loading element to disappear: .spinner
2025-09-03 01:06:55,492 - root - INFO - get_states:66 - Waited for loading element to disappear: #loading
2025-09-03 01:06:55,511 - root - INFO - get_states:66 - Waited for loading element to disappear: [data-loading]
2025-09-03 01:06:58,623 - root - INFO - get_states:66 - Waited for loading element to disappear: #loader
2025-09-03 01:06:58,642 - root - INFO - get_states:66 - Waited for loading element to disappear: .progress
2025-09-03 01:06:58,642 - root - INFO - get_states:71 - Waiting additional time for JavaScript to render forms...
2025-09-03 01:07:13,653 - root - INFO - get_states:76 - JavaScript reports 0 select elements
2025-09-03 01:07:13,653 - root - INFO - get_states:80 - Attempting to trigger form initialization...
2025-09-03 01:07:23,033 - root - INFO - get_states:113 - Looking for alternative form patterns...
2025-09-03 01:07:23,050 - root - INFO - get_states:117 - Found 1 potential form inputs
2025-09-03 01:07:23,068 - root - INFO - get_states:121 - Found 1 dropdown-like elements
2025-09-03 01:07:23,068 - root - ERROR - get_states:187 - Failed to get states: No form elements found after all attempts - portal may require authentication or have anti-bot measures
2025-09-03 01:07:23,795 - root - ERROR - initialize:43 - Both API and browser approaches failed: No form elements found after all attempts - portal may require authentication or have anti-bot measures
2025-09-03 01:07:23,798 - root - INFO - lifespan:17 - Application shutting down...
2025-09-03 01:07:27,654 - app.core.logging - INFO - setup_logging:29 - Logging system initialized successfully
2025-09-03 01:07:27,654 - root - INFO - lifespan:15 - Application starting up...
2025-09-03 01:07:27,765 - root - INFO - initialize:22 - Getting states via network inspection...
2025-09-03 01:07:40,590 - root - ERROR - initialize:33 - Failed to initialize: No states found
2025-09-03 01:07:40,602 - root - INFO - initialize:22 - Getting states via network inspection...
2025-09-03 01:07:53,768 - root - ERROR - initialize:33 - Failed to initialize: No states found
2025-09-03 01:13:25,948 - root - INFO - lifespan:17 - Application shutting down...
2025-09-03 01:13:27,635 - app.core.logging - INFO - setup_logging:29 - Logging system initialized successfully
2025-09-03 01:13:27,636 - root - INFO - lifespan:15 - Application starting up...
2025-09-03 01:13:35,554 - root - INFO - initialize:32 - Initializing JagritiService with real portal data...
2025-09-03 01:13:36,764 - root - ERROR - initialize:44 - Initialization failed: Portal access blocked - no states retrieved
2025-09-03 01:13:39,073 - root - INFO - initialize:32 - Initializing JagritiService with real portal data...
2025-09-03 01:13:40,191 - root - ERROR - initialize:44 - Initialization failed: Portal access blocked - no states retrieved
2025-09-03 12:25:25,622 - app.core.logging - INFO - setup_logging:29 - Logging system initialized successfully
2025-09-03 12:25:25,623 - root - INFO - lifespan:15 - Application starting up...
2025-09-03 12:53:33,727 - root - INFO - lifespan:17 - Application shutting down...
2025-09-03 12:56:33,926 - app.core.logging - INFO - setup_logging:29 - Logging system initialized successfully
2025-09-03 12:56:33,926 - root - INFO - lifespan:15 - Application starting up...
2025-09-03 12:56:49,154 - root - INFO - lifespan:17 - Application shutting down...
2025-09-03 12:56:49,789 - app.core.logging - INFO - setup_logging:29 - Logging system initialized successfully
2025-09-03 12:56:49,790 - root - INFO - lifespan:15 - Application starting up...
2025-09-03 12:57:59,207 - root - ERROR - _make_request:41 - HTTP error 405: <html>
<head><title>405 Not Allowed</title></head>
<body>
<center><h1>405 Not Allowed</h1></center>
<hr><center>nginx</center>
</body>
</html>
<!-- a padding to disable MSIE and Chrome friendly error page -->
<!-- a padding to disable MSIE and Chrome friendly error page -->
<!-- a padding to disable MSIE and Chrome friendly error page -->
<!-- a padding to disable MSIE and Chrome friendly error page -->
<!-- a padding to disable MSIE and Chrome friendly error page -->
<!-- a padding to disable MSIE and Chrome friendly error page -->

2025-09-03 12:57:59,207 - root - ERROR - get_states:68 - Failed to get states: API request failed: 405
2025-09-03 12:57:59,208 - root - INFO - initialize:23 - Successfully initialized with 5 states
2025-09-03 12:58:15,860 - root - ERROR - _make_request:41 - HTTP error 405: <html>
<head><title>405 Not Allowed</title></head>
<body>
<center><h1>405 Not Allowed</h1></center>
<hr><center>nginx</center>
</body>
</html>
<!-- a padding to disable MSIE and Chrome friendly error page -->
<!-- a padding to disable MSIE and Chrome friendly error page -->
<!-- a padding to disable MSIE and Chrome friendly error page -->
<!-- a padding to disable MSIE and Chrome friendly error page -->
<!-- a padding to disable MSIE and Chrome friendly error page -->
<!-- a padding to disable MSIE and Chrome friendly error page -->

2025-09-03 12:58:15,861 - root - ERROR - get_states:68 - Failed to get states: API request failed: 405
2025-09-03 12:58:15,861 - root - INFO - initialize:23 - Successfully initialized with 5 states
2025-09-03 12:58:16,495 - root - ERROR - _make_request:41 - HTTP error 405: <html>
<head><title>405 Not Allowed</title></head>
<body>
<center><h1>405 Not Allowed</h1></center>
<hr><center>nginx</center>
</body>
</html>
<!-- a padding to disable MSIE and Chrome friendly error page -->
<!-- a padding to disable MSIE and Chrome friendly error page -->
<!-- a padding to disable MSIE and Chrome friendly error page -->
<!-- a padding to disable MSIE and Chrome friendly error page -->
<!-- a padding to disable MSIE and Chrome friendly error page -->
<!-- a padding to disable MSIE and Chrome friendly error page -->

2025-09-03 12:58:16,495 - root - ERROR - get_commissions:91 - Failed to get commissions for state KA: API request failed: 405
2025-09-03 13:06:01,392 - root - INFO - lifespan:17 - Application shutting down...
2025-09-03 13:06:02,148 - app.core.logging - INFO - setup_logging:29 - Logging system initialized successfully
2025-09-03 13:06:02,149 - root - INFO - lifespan:15 - Application starting up...
2025-09-03 13:20:17,176 - root - INFO - lifespan:17 - Application shutting down...
2025-09-03 13:20:17,840 - app.core.logging - INFO - setup_logging:29 - Logging system initialized successfully
2025-09-03 13:20:17,840 - root - INFO - lifespan:15 - Application starting up...
2025-09-03 13:20:35,638 - root - INFO - lifespan:17 - Application shutting down...
2025-09-03 13:20:36,347 - app.core.logging - INFO - setup_logging:29 - Logging system initialized successfully
2025-09-03 13:20:36,347 - root - INFO - lifespan:15 - Application starting up...
2025-09-03 13:20:56,920 - root - INFO - _initialize_session:42 - Session initialized successfully
2025-09-03 13:20:57,389 - root - ERROR - get_states:102 - API error: {'data': [{'commissionId': 11350000, 'commissionNameEn': 'ANDAMAN NICOBAR', 'circuitAdditionBenchStatus': False, 'activeStatus': True}, {'commissionId': 11280000, 'commissionNameEn': 'ANDHRA PRADESH', 'circuitAdditionBenchStatus': False, 'activeStatus': True}, {'commissionId': 11120000, 'commissionNameEn': 'ARUNACHAL PRADESH', 'circuitAdditionBenchStatus': False, 'activeStatus': True}, {'commissionId': 11180000, 'commissionNameEn': 'ASSAM', 'circuitAdditionBenchStatus': False, 'activeStatus': True}, {'commissionId': 22080000, 'commissionNameEn': 'BENCH JODHPUR', 'circuitAdditionBenchStatus': True, 'activeStatus': True}, {'commissionId': 11100000, 'commissionNameEn': 'BIHAR', 'circuitAdditionBenchStatus': False, 'activeStatus': True}, {'commissionId': 11040000, 'commissionNameEn': 'CHANDIGARH', 'circuitAdditionBenchStatus': False, 'activeStatus': True}, {'commissionId': 11220000, 'commissionNameEn': 'CHHATTISGARH', 'circuitAdditionBenchStatus': False, 'activeStatus': True}, {'commissionId': 77080000, 'commissionNameEn': 'CIRCUIT BENCH AJMER', 'circuitAdditionBenchStatus': True, 'activeStatus': True}, {'commissionId': 44270000, 'commissionNameEn': 'CIRCUIT BENCH AMRAVATI', 'circuitAdditionBenchStatus': True, 'activeStatus': True}, {'commissionId': 22190000, 'commissionNameEn': 'CIRCUIT BENCH ASANSOL', 'circuitAdditionBenchStatus': True, 'activeStatus': True}, {'commissionId': 33290000, 'commissionNameEn': 'CIRCUIT BENCH BELAGAVI', 'circuitAdditionBenchStatus': True, 'activeStatus': True}, {'commissionId': 66080000, 'commissionNameEn': 'CIRCUIT BENCH BHARATPUR', 'circuitAdditionBenchStatus': True, 'activeStatus': True}, {'commissionId': 44080000, 'commissionNameEn': 'CIRCUIT BENCH BIKANER', 'circuitAdditionBenchStatus': True, 'activeStatus': True}, {'commissionId': 22290000, 'commissionNameEn': 'CIRCUIT BENCH KALBURGI', 'circuitAdditionBenchStatus': True, 'activeStatus': True}, {'commissionId': 66270000, 'commissionNameEn': 'CIRCUIT BENCH KOHLAPUR ', 'circuitAdditionBenchStatus': True, 'activeStatus': True}, {'commissionId': 55080000, 'commissionNameEn': 'CIRCUIT BENCH KOTA', 'circuitAdditionBenchStatus': True, 'activeStatus': True}, {'commissionId': 22330000, 'commissionNameEn': 'CIRCUIT BENCH MADURAI', 'circuitAdditionBenchStatus': True, 'activeStatus': True}, {'commissionId': 33270000, 'commissionNameEn': 'CIRCUIT BENCH NAGPUR', 'circuitAdditionBenchStatus': True, 'activeStatus': True}, {'commissionId': 77270000, 'commissionNameEn': 'CIRCUIT BENCH NASHIK', 'circuitAdditionBenchStatus': True, 'activeStatus': True}, {'commissionId': 55270000, 'commissionNameEn': 'CIRCUIT BENCH PUNE', 'circuitAdditionBenchStatus': True, 'activeStatus': True}, {'commissionId': 33190000, 'commissionNameEn': 'CIRCUIT BENCH SILIGURI', 'circuitAdditionBenchStatus': True, 'activeStatus': True}, {'commissionId': 33080000, 'commissionNameEn': 'CIRCUIT BENCH UDAIPUR', 'circuitAdditionBenchStatus': True, 'activeStatus': True}, {'commissionId': 11380000, 'commissionNameEn': 'DADRA AND  NAGAR HAVELI AND DAMAN AND DIU', 'circuitAdditionBenchStatus': False, 'activeStatus': True}, {'commissionId': 11070000, 'commissionNameEn': 'DELHI', 'circuitAdditionBenchStatus': False, 'activeStatus': True}, {'commissionId': 11300000, 'commissionNameEn': 'GOA', 'circuitAdditionBenchStatus': False, 'activeStatus': True}, {'commissionId': 11240000, 'commissionNameEn': 'GUJARAT', 'circuitAdditionBenchStatus': False, 'activeStatus': True}, {'commissionId': 11060000, 'commissionNameEn': 'HARYANA', 'circuitAdditionBenchStatus': False, 'activeStatus': True}, {'commissionId': 11020000, 'commissionNameEn': 'HIMACHAL PRADESH', 'circuitAdditionBenchStatus': False, 'activeStatus': True}, {'commissionId': 11010000, 'commissionNameEn': 'J AND K', 'circuitAdditionBenchStatus': False, 'activeStatus': True}, {'commissionId': 11200000, 'commissionNameEn': 'JHARKHAND', 'circuitAdditionBenchStatus': False, 'activeStatus': True}, {'commissionId': 11290000, 'commissionNameEn': 'KARNATAKA', 'circuitAdditionBenchStatus': False, 'activeStatus': True}, {'commissionId': 11320000, 'commissionNameEn': 'KERALA', 'circuitAdditionBenchStatus': False, 'activeStatus': True}, {'commissionId': 11370000, 'commissionNameEn': 'LADAKH', 'circuitAdditionBenchStatus': False, 'activeStatus': True}, {'commissionId': 11310000, 'commissionNameEn': 'LAKSHADWEEP', 'circuitAdditionBenchStatus': False, 'activeStatus': True}, {'commissionId': 11230000, 'commissionNameEn': 'MADHYA PRADESH', 'circuitAdditionBenchStatus': False, 'activeStatus': True}, {'commissionId': 11270000, 'commissionNameEn': 'MAHARASHTRA', 'circuitAdditionBenchStatus': False, 'activeStatus': True}, {'commissionId': 11140000, 'commissionNameEn': 'MANIPUR', 'circuitAdditionBenchStatus': False, 'activeStatus': True}, {'commissionId': 11170000, 'commissionNameEn': 'MEGHALAYA', 'circuitAdditionBenchStatus': False, 'activeStatus': True}, {'commissionId': 11150000, 'commissionNameEn': 'MIZORAM', 'circuitAdditionBenchStatus': False, 'activeStatus': True}, {'commissionId': 11130000, 'commissionNameEn': 'NAGALAND', 'circuitAdditionBenchStatus': False, 'activeStatus': True}, {'commissionId': 11210000, 'commissionNameEn': 'ODISHA', 'circuitAdditionBenchStatus': False, 'activeStatus': True}, {'commissionId': 11340000, 'commissionNameEn': 'PONDICHERRY', 'circuitAdditionBenchStatus': False, 'activeStatus': True}, {'commissionId': 11030000, 'commissionNameEn': 'PUNJAB', 'circuitAdditionBenchStatus': False, 'activeStatus': True}, {'commissionId': 11080000, 'commissionNameEn': 'RAJASTHAN', 'circuitAdditionBenchStatus': False, 'activeStatus': True}, {'commissionId': 22270000, 'commissionNameEn': 'REGIONAL BENCH CHHATRAPATI SAMBHAJINAGAR', 'circuitAdditionBenchStatus': True, 'activeStatus': True}, {'commissionId': 11110000, 'commissionNameEn': 'SIKKIM', 'circuitAdditionBenchStatus': False, 'activeStatus': True}, {'commissionId': 22010000, 'commissionNameEn': 'SRINAGAR BENCH', 'circuitAdditionBenchStatus': True, 'activeStatus': True}, {'commissionId': 11330000, 'commissionNameEn': 'TAMIL NADU', 'circuitAdditionBenchStatus': False, 'activeStatus': True}, {'commissionId': 11360000, 'commissionNameEn': 'TELANGANA', 'circuitAdditionBenchStatus': False, 'activeStatus': True}, {'commissionId': 11160000, 'commissionNameEn': 'TRIPURA', 'circuitAdditionBenchStatus': False, 'activeStatus': True}, {'commissionId': 11050000, 'commissionNameEn': 'UTTARAKHAND', 'circuitAdditionBenchStatus': False, 'activeStatus': True}, {'commissionId': 11090000, 'commissionNameEn': 'UTTAR PRADESH', 'circuitAdditionBenchStatus': False, 'activeStatus': True}, {'commissionId': 11190000, 'commissionNameEn': 'WEST BENGAL', 'circuitAdditionBenchStatus': False, 'activeStatus': True}], 'message': 'Average Disposal Report fetched Successfully.', 'error': 'false', 'status': 200}
2025-09-03 13:20:57,390 - root - INFO - initialize:24 - Successfully initialized with 8 states
2025-09-03 13:21:14,214 - root - INFO - _initialize_session:42 - Session initialized successfully
2025-09-03 13:21:14,686 - root - ERROR - get_states:102 - API error: {'data': [{'commissionId': 11350000, 'commissionNameEn': 'ANDAMAN NICOBAR', 'circuitAdditionBenchStatus': False, 'activeStatus': True}, {'commissionId': 11280000, 'commissionNameEn': 'ANDHRA PRADESH', 'circuitAdditionBenchStatus': False, 'activeStatus': True}, {'commissionId': 11120000, 'commissionNameEn': 'ARUNACHAL PRADESH', 'circuitAdditionBenchStatus': False, 'activeStatus': True}, {'commissionId': 11180000, 'commissionNameEn': 'ASSAM', 'circuitAdditionBenchStatus': False, 'activeStatus': True}, {'commissionId': 22080000, 'commissionNameEn': 'BENCH JODHPUR', 'circuitAdditionBenchStatus': True, 'activeStatus': True}, {'commissionId': 11100000, 'commissionNameEn': 'BIHAR', 'circuitAdditionBenchStatus': False, 'activeStatus': True}, {'commissionId': 11040000, 'commissionNameEn': 'CHANDIGARH', 'circuitAdditionBenchStatus': False, 'activeStatus': True}, {'commissionId': 11220000, 'commissionNameEn': 'CHHATTISGARH', 'circuitAdditionBenchStatus': False, 'activeStatus': True}, {'commissionId': 77080000, 'commissionNameEn': 'CIRCUIT BENCH AJMER', 'circuitAdditionBenchStatus': True, 'activeStatus': True}, {'commissionId': 44270000, 'commissionNameEn': 'CIRCUIT BENCH AMRAVATI', 'circuitAdditionBenchStatus': True, 'activeStatus': True}, {'commissionId': 22190000, 'commissionNameEn': 'CIRCUIT BENCH ASANSOL', 'circuitAdditionBenchStatus': True, 'activeStatus': True}, {'commissionId': 33290000, 'commissionNameEn': 'CIRCUIT BENCH BELAGAVI', 'circuitAdditionBenchStatus': True, 'activeStatus': True}, {'commissionId': 66080000, 'commissionNameEn': 'CIRCUIT BENCH BHARATPUR', 'circuitAdditionBenchStatus': True, 'activeStatus': True}, {'commissionId': 44080000, 'commissionNameEn': 'CIRCUIT BENCH BIKANER', 'circuitAdditionBenchStatus': True, 'activeStatus': True}, {'commissionId': 22290000, 'commissionNameEn': 'CIRCUIT BENCH KALBURGI', 'circuitAdditionBenchStatus': True, 'activeStatus': True}, {'commissionId': 66270000, 'commissionNameEn': 'CIRCUIT BENCH KOHLAPUR ', 'circuitAdditionBenchStatus': True, 'activeStatus': True}, {'commissionId': 55080000, 'commissionNameEn': 'CIRCUIT BENCH KOTA', 'circuitAdditionBenchStatus': True, 'activeStatus': True}, {'commissionId': 22330000, 'commissionNameEn': 'CIRCUIT BENCH MADURAI', 'circuitAdditionBenchStatus': True, 'activeStatus': True}, {'commissionId': 33270000, 'commissionNameEn': 'CIRCUIT BENCH NAGPUR', 'circuitAdditionBenchStatus': True, 'activeStatus': True}, {'commissionId': 77270000, 'commissionNameEn': 'CIRCUIT BENCH NASHIK', 'circuitAdditionBenchStatus': True, 'activeStatus': True}, {'commissionId': 55270000, 'commissionNameEn': 'CIRCUIT BENCH PUNE', 'circuitAdditionBenchStatus': True, 'activeStatus': True}, {'commissionId': 33190000, 'commissionNameEn': 'CIRCUIT BENCH SILIGURI', 'circuitAdditionBenchStatus': True, 'activeStatus': True}, {'commissionId': 33080000, 'commissionNameEn': 'CIRCUIT BENCH UDAIPUR', 'circuitAdditionBenchStatus': True, 'activeStatus': True}, {'commissionId': 11380000, 'commissionNameEn': 'DADRA AND  NAGAR HAVELI AND DAMAN AND DIU', 'circuitAdditionBenchStatus': False, 'activeStatus': True}, {'commissionId': 11070000, 'commissionNameEn': 'DELHI', 'circuitAdditionBenchStatus': False, 'activeStatus': True}, {'commissionId': 11300000, 'commissionNameEn': 'GOA', 'circuitAdditionBenchStatus': False, 'activeStatus': True}, {'commissionId': 11240000, 'commissionNameEn': 'GUJARAT', 'circuitAdditionBenchStatus': False, 'activeStatus': True}, {'commissionId': 11060000, 'commissionNameEn': 'HARYANA', 'circuitAdditionBenchStatus': False, 'activeStatus': True}, {'commissionId': 11020000, 'commissionNameEn': 'HIMACHAL PRADESH', 'circuitAdditionBenchStatus': False, 'activeStatus': True}, {'commissionId': 11010000, 'commissionNameEn': 'J AND K', 'circuitAdditionBenchStatus': False, 'activeStatus': True}, {'commissionId': 11200000, 'commissionNameEn': 'JHARKHAND', 'circuitAdditionBenchStatus': False, 'activeStatus': True}, {'commissionId': 11290000, 'commissionNameEn': 'KARNATAKA', 'circuitAdditionBenchStatus': False, 'activeStatus': True}, {'commissionId': 11320000, 'commissionNameEn': 'KERALA', 'circuitAdditionBenchStatus': False, 'activeStatus': True}, {'commissionId': 11370000, 'commissionNameEn': 'LADAKH', 'circuitAdditionBenchStatus': False, 'activeStatus': True}, {'commissionId': 11310000, 'commissionNameEn': 'LAKSHADWEEP', 'circuitAdditionBenchStatus': False, 'activeStatus': True}, {'commissionId': 11230000, 'commissionNameEn': 'MADHYA PRADESH', 'circuitAdditionBenchStatus': False, 'activeStatus': True}, {'commissionId': 11270000, 'commissionNameEn': 'MAHARASHTRA', 'circuitAdditionBenchStatus': False, 'activeStatus': True}, {'commissionId': 11140000, 'commissionNameEn': 'MANIPUR', 'circuitAdditionBenchStatus': False, 'activeStatus': True}, {'commissionId': 11170000, 'commissionNameEn': 'MEGHALAYA', 'circuitAdditionBenchStatus': False, 'activeStatus': True}, {'commissionId': 11150000, 'commissionNameEn': 'MIZORAM', 'circuitAdditionBenchStatus': False, 'activeStatus': True}, {'commissionId': 11130000, 'commissionNameEn': 'NAGALAND', 'circuitAdditionBenchStatus': False, 'activeStatus': True}, {'commissionId': 11210000, 'commissionNameEn': 'ODISHA', 'circuitAdditionBenchStatus': False, 'activeStatus': True}, {'commissionId': 11340000, 'commissionNameEn': 'PONDICHERRY', 'circuitAdditionBenchStatus': False, 'activeStatus': True}, {'commissionId': 11030000, 'commissionNameEn': 'PUNJAB', 'circuitAdditionBenchStatus': False, 'activeStatus': True}, {'commissionId': 11080000, 'commissionNameEn': 'RAJASTHAN', 'circuitAdditionBenchStatus': False, 'activeStatus': True}, {'commissionId': 22270000, 'commissionNameEn': 'REGIONAL BENCH CHHATRAPATI SAMBHAJINAGAR', 'circuitAdditionBenchStatus': True, 'activeStatus': True}, {'commissionId': 11110000, 'commissionNameEn': 'SIKKIM', 'circuitAdditionBenchStatus': False, 'activeStatus': True}, {'commissionId': 22010000, 'commissionNameEn': 'SRINAGAR BENCH', 'circuitAdditionBenchStatus': True, 'activeStatus': True}, {'commissionId': 11330000, 'commissionNameEn': 'TAMIL NADU', 'circuitAdditionBenchStatus': False, 'activeStatus': True}, {'commissionId': 11360000, 'commissionNameEn': 'TELANGANA', 'circuitAdditionBenchStatus': False, 'activeStatus': True}, {'commissionId': 11160000, 'commissionNameEn': 'TRIPURA', 'circuitAdditionBenchStatus': False, 'activeStatus': True}, {'commissionId': 11050000, 'commissionNameEn': 'UTTARAKHAND', 'circuitAdditionBenchStatus': False, 'activeStatus': True}, {'commissionId': 11090000, 'commissionNameEn': 'UTTAR PRADESH', 'circuitAdditionBenchStatus': False, 'activeStatus': True}, {'commissionId': 11190000, 'commissionNameEn': 'WEST BENGAL', 'circuitAdditionBenchStatus': False, 'activeStatus': True}], 'message': 'Average Disposal Report fetched Successfully.', 'error': 'false', 'status': 200}
2025-09-03 13:21:14,687 - root - INFO - initialize:24 - Successfully initialized with 8 states
2025-09-03 13:21:15,142 - root - INFO - _initialize_session:42 - Session initialized successfully
2025-09-03 13:21:15,522 - root - ERROR - get_commissions:117 - API error: {'data': [{'commissionId': 11350000, 'commissionNameEn': 'ANDAMAN NICOBAR', 'circuitAdditionBenchStatus': False, 'activeStatus': True}, {'commissionId': 11280000, 'commissionNameEn': 'ANDHRA PRADESH', 'circuitAdditionBenchStatus': False, 'activeStatus': True}, {'commissionId': 11120000, 'commissionNameEn': 'ARUNACHAL PRADESH', 'circuitAdditionBenchStatus': False, 'activeStatus': True}, {'commissionId': 11180000, 'commissionNameEn': 'ASSAM', 'circuitAdditionBenchStatus': False, 'activeStatus': True}, {'commissionId': 22080000, 'commissionNameEn': 'BENCH JODHPUR', 'circuitAdditionBenchStatus': True, 'activeStatus': True}, {'commissionId': 11100000, 'commissionNameEn': 'BIHAR', 'circuitAdditionBenchStatus': False, 'activeStatus': True}, {'commissionId': 11040000, 'commissionNameEn': 'CHANDIGARH', 'circuitAdditionBenchStatus': False, 'activeStatus': True}, {'commissionId': 11220000, 'commissionNameEn': 'CHHATTISGARH', 'circuitAdditionBenchStatus': False, 'activeStatus': True}, {'commissionId': 77080000, 'commissionNameEn': 'CIRCUIT BENCH AJMER', 'circuitAdditionBenchStatus': True, 'activeStatus': True}, {'commissionId': 44270000, 'commissionNameEn': 'CIRCUIT BENCH AMRAVATI', 'circuitAdditionBenchStatus': True, 'activeStatus': True}, {'commissionId': 22190000, 'commissionNameEn': 'CIRCUIT BENCH ASANSOL', 'circuitAdditionBenchStatus': True, 'activeStatus': True}, {'commissionId': 33290000, 'commissionNameEn': 'CIRCUIT BENCH BELAGAVI', 'circuitAdditionBenchStatus': True, 'activeStatus': True}, {'commissionId': 66080000, 'commissionNameEn': 'CIRCUIT BENCH BHARATPUR', 'circuitAdditionBenchStatus': True, 'activeStatus': True}, {'commissionId': 44080000, 'commissionNameEn': 'CIRCUIT BENCH BIKANER', 'circuitAdditionBenchStatus': True, 'activeStatus': True}, {'commissionId': 22290000, 'commissionNameEn': 'CIRCUIT BENCH KALBURGI', 'circuitAdditionBenchStatus': True, 'activeStatus': True}, {'commissionId': 66270000, 'commissionNameEn': 'CIRCUIT BENCH KOHLAPUR ', 'circuitAdditionBenchStatus': True, 'activeStatus': True}, {'commissionId': 55080000, 'commissionNameEn': 'CIRCUIT BENCH KOTA', 'circuitAdditionBenchStatus': True, 'activeStatus': True}, {'commissionId': 22330000, 'commissionNameEn': 'CIRCUIT BENCH MADURAI', 'circuitAdditionBenchStatus': True, 'activeStatus': True}, {'commissionId': 33270000, 'commissionNameEn': 'CIRCUIT BENCH NAGPUR', 'circuitAdditionBenchStatus': True, 'activeStatus': True}, {'commissionId': 77270000, 'commissionNameEn': 'CIRCUIT BENCH NASHIK', 'circuitAdditionBenchStatus': True, 'activeStatus': True}, {'commissionId': 55270000, 'commissionNameEn': 'CIRCUIT BENCH PUNE', 'circuitAdditionBenchStatus': True, 'activeStatus': True}, {'commissionId': 33190000, 'commissionNameEn': 'CIRCUIT BENCH SILIGURI', 'circuitAdditionBenchStatus': True, 'activeStatus': True}, {'commissionId': 33080000, 'commissionNameEn': 'CIRCUIT BENCH UDAIPUR', 'circuitAdditionBenchStatus': True, 'activeStatus': True}, {'commissionId': 11380000, 'commissionNameEn': 'DADRA AND  NAGAR HAVELI AND DAMAN AND DIU', 'circuitAdditionBenchStatus': False, 'activeStatus': True}, {'commissionId': 11070000, 'commissionNameEn': 'DELHI', 'circuitAdditionBenchStatus': False, 'activeStatus': True}, {'commissionId': 11300000, 'commissionNameEn': 'GOA', 'circuitAdditionBenchStatus': False, 'activeStatus': True}, {'commissionId': 11240000, 'commissionNameEn': 'GUJARAT', 'circuitAdditionBenchStatus': False, 'activeStatus': True}, {'commissionId': 11060000, 'commissionNameEn': 'HARYANA', 'circuitAdditionBenchStatus': False, 'activeStatus': True}, {'commissionId': 11020000, 'commissionNameEn': 'HIMACHAL PRADESH', 'circuitAdditionBenchStatus': False, 'activeStatus': True}, {'commissionId': 11010000, 'commissionNameEn': 'J AND K', 'circuitAdditionBenchStatus': False, 'activeStatus': True}, {'commissionId': 11200000, 'commissionNameEn': 'JHARKHAND', 'circuitAdditionBenchStatus': False, 'activeStatus': True}, {'commissionId': 11290000, 'commissionNameEn': 'KARNATAKA', 'circuitAdditionBenchStatus': False, 'activeStatus': True}, {'commissionId': 11320000, 'commissionNameEn': 'KERALA', 'circuitAdditionBenchStatus': False, 'activeStatus': True}, {'commissionId': 11370000, 'commissionNameEn': 'LADAKH', 'circuitAdditionBenchStatus': False, 'activeStatus': True}, {'commissionId': 11310000, 'commissionNameEn': 'LAKSHADWEEP', 'circuitAdditionBenchStatus': False, 'activeStatus': True}, {'commissionId': 11230000, 'commissionNameEn': 'MADHYA PRADESH', 'circuitAdditionBenchStatus': False, 'activeStatus': True}, {'commissionId': 11270000, 'commissionNameEn': 'MAHARASHTRA', 'circuitAdditionBenchStatus': False, 'activeStatus': True}, {'commissionId': 11140000, 'commissionNameEn': 'MANIPUR', 'circuitAdditionBenchStatus': False, 'activeStatus': True}, {'commissionId': 11170000, 'commissionNameEn': 'MEGHALAYA', 'circuitAdditionBenchStatus': False, 'activeStatus': True}, {'commissionId': 11150000, 'commissionNameEn': 'MIZORAM', 'circuitAdditionBenchStatus': False, 'activeStatus': True}, {'commissionId': 11130000, 'commissionNameEn': 'NAGALAND', 'circuitAdditionBenchStatus': False, 'activeStatus': True}, {'commissionId': 11210000, 'commissionNameEn': 'ODISHA', 'circuitAdditionBenchStatus': False, 'activeStatus': True}, {'commissionId': 11340000, 'commissionNameEn': 'PONDICHERRY', 'circuitAdditionBenchStatus': False, 'activeStatus': True}, {'commissionId': 11030000, 'commissionNameEn': 'PUNJAB', 'circuitAdditionBenchStatus': False, 'activeStatus': True}, {'commissionId': 11080000, 'commissionNameEn': 'RAJASTHAN', 'circuitAdditionBenchStatus': False, 'activeStatus': True}, {'commissionId': 22270000, 'commissionNameEn': 'REGIONAL BENCH CHHATRAPATI SAMBHAJINAGAR', 'circuitAdditionBenchStatus': True, 'activeStatus': True}, {'commissionId': 11110000, 'commissionNameEn': 'SIKKIM', 'circuitAdditionBenchStatus': False, 'activeStatus': True}, {'commissionId': 22010000, 'commissionNameEn': 'SRINAGAR BENCH', 'circuitAdditionBenchStatus': True, 'activeStatus': True}, {'commissionId': 11330000, 'commissionNameEn': 'TAMIL NADU', 'circuitAdditionBenchStatus': False, 'activeStatus': True}, {'commissionId': 11360000, 'commissionNameEn': 'TELANGANA', 'circuitAdditionBenchStatus': False, 'activeStatus': True}, {'commissionId': 11160000, 'commissionNameEn': 'TRIPURA', 'circuitAdditionBenchStatus': False, 'activeStatus': True}, {'commissionId': 11050000, 'commissionNameEn': 'UTTARAKHAND', 'circuitAdditionBenchStatus': False, 'activeStatus': True}, {'commissionId': 11090000, 'commissionNameEn': 'UTTAR PRADESH', 'circuitAdditionBenchStatus': False, 'activeStatus': True}, {'commissionId': 11190000, 'commissionNameEn': 'WEST BENGAL', 'circuitAdditionBenchStatus': False, 'activeStatus': True}], 'message': 'Average Disposal Report fetched Successfully.', 'error': 'false', 'status': 200}
2025-09-03 21:24:26,906 - app.core.logging - INFO - setup_logging:29 - Logging system initialized successfully
2025-09-03 21:24:26,907 - root - INFO - lifespan:15 - Application starting up...
2025-09-03 21:25:11,254 - root - INFO - lifespan:17 - Application shutting down...
